<?xml version="1.0" encoding="UTF-8"?>
<testng-results ignored="0" total="1" passed="1" failed="0" skipped="0">
  <reporter-output>
  </reporter-output>
  <suite started-at="2026-01-18T12:16:54 IST" name="Default suite" finished-at="2026-01-18T12:17:04 IST" duration-ms="10020">
    <groups>
    </groups>
    <test started-at="2026-01-18T12:16:54 IST" name="Default test" finished-at="2026-01-18T12:17:04 IST" duration-ms="10020">
      <class name="testCases.TC001_AccountRegistrationTest">
        <test-method is-config="true" signature="setup()[pri:0, instance:testCases.TC001_AccountRegistrationTest@2a8448fa]" started-at="2026-01-18T12:16:54 IST" name="setup" finished-at="2026-01-18T12:17:01 IST" duration-ms="6662" status="PASS">
          <reporter-output>
          </reporter-output>
        </test-method> <!-- setup -->
        <test-method signature="verify_account_registraion()[pri:0, instance:testCases.TC001_AccountRegistrationTest@2a8448fa]" started-at="2026-01-18T12:17:01 IST" name="verify_account_registraion" finished-at="2026-01-18T12:17:04 IST" duration-ms="2776" status="PASS">
          <reporter-output>
          </reporter-output>
        </test-method> <!-- verify_account_registraion -->
        <test-method is-config="true" signature="tearDown()[pri:0, instance:testCases.TC001_AccountRegistrationTest@2a8448fa]" started-at="2026-01-18T12:17:04 IST" name="tearDown" finished-at="2026-01-18T12:17:04 IST" duration-ms="370" status="PASS">
          <reporter-output>
          </reporter-output>
        </test-method> <!-- tearDown -->
      </class> <!-- testCases.TC001_AccountRegistrationTest -->
    </test> <!-- Default test -->
  </suite> <!-- Default suite -->
</testng-results>
